1581346207360	mozrunner::runner	INFO	Running command: "/Applications/Firefox.app/Contents/MacOS/firefox-bin" "-marionette" "-foreground" "-no-remote" "-profile" "/var/folders/yt/2mbs1sh5613gcty75p899lz80000gp/T/rust_mozprofileSUmDsU"
1581346207850	addons.webextension.doh-rollout@mozilla.org	WARN	Loading extension 'doh-rollout@mozilla.org': Reading manifest: Invalid extension permission: networkStatus
1581346207933	addons.webextension.screenshots@mozilla.org	WARN	Loading extension 'screenshots@mozilla.org': Reading manifest: Invalid extension permission: mozillaAddons
1581346207933	addons.webextension.screenshots@mozilla.org	WARN	Loading extension 'screenshots@mozilla.org': Reading manifest: Invalid extension permission: telemetry
1581346207933	addons.webextension.screenshots@mozilla.org	WARN	Loading extension 'screenshots@mozilla.org': Reading manifest: Invalid extension permission: resource://pdf.js/
1581346207933	addons.webextension.screenshots@mozilla.org	WARN	Loading extension 'screenshots@mozilla.org': Reading manifest: Invalid extension permission: about:reader*
1581346209873	Marionette	INFO	Listening on port 59450
1581346209921	Marionette	WARN	TLS certificate errors will be ignored for this session
JavaScript error: , line 0: uncaught exception: Object
JavaScript error: , line 0: uncaught exception: Object
JavaScript error: , line 0: uncaught exception: Object
JavaScript error: , line 0: uncaught exception: Object
JavaScript error: , line 0: uncaught exception: Object
JavaScript error: , line 0: uncaught exception: Object
JavaScript error: , line 0: uncaught exception: Object
JavaScript error: , line 0: uncaught exception: Object
JavaScript error: , line 0: TypeError: NetworkError when attempting to fetch resource.
JavaScript error: https://maps.googleapis.com/maps/api/js?language=en&region=GB&v=3.38&key=AIzaSyAytC_TusuhG7kpNQ19hMrCzXDIUjd307o&hyperloopconfig=false&callback=__onGoogleMapsLoad&libraries=places, line 88: Error: Could not load "onion".
JavaScript error: https://maps.googleapis.com/maps/api/js?language=en&region=GB&v=3.38&key=AIzaSyAytC_TusuhG7kpNQ19hMrCzXDIUjd307o&hyperloopconfig=false&callback=__onGoogleMapsLoad&libraries=places, line 88: Error: Could not load "stats".
JavaScript error: resource:///actors/ContentMetaChild.jsm, line 167: InvalidStateError: An attempt was made to use an object that is not, or is no longer, usable
1581346229568	Marionette	INFO	Stopped listening on port 59450
